<?xml version="1.0" encoding="UTF-8"?>
<testng-results ignored="0" total="1" passed="1" failed="0" skipped="0">
  <reporter-output>
  </reporter-output>
  <suite started-at="2018-09-18T03:07:44Z" name="Default suite" finished-at="2018-09-18T03:09:48Z" duration-ms="123999">
    <groups>
    </groups>
    <test started-at="2018-09-18T03:07:44Z" name="Default test" finished-at="2018-09-18T03:09:48Z" duration-ms="123999">
      <class name="AppiumConfiguration">
        <test-method is-config="true" signature="Setup()[pri:0, instance:AppiumConfiguration@68267da0]" started-at="2018-09-18T03:07:44Z" name="Setup" finished-at="2018-09-18T03:09:46Z" duration-ms="122573" status="PASS">
          <reporter-output>
          </reporter-output>
        </test-method> <!-- Setup -->
        <test-method signature="testcase1()[pri:0, instance:AppiumConfiguration@68267da0]" started-at="2018-09-18T03:09:46Z" name="testcase1" finished-at="2018-09-18T03:09:47Z" duration-ms="26" status="PASS">
          <reporter-output>
          </reporter-output>
        </test-method> <!-- testcase1 -->
        <test-method is-config="true" signature="teardown()[pri:0, instance:AppiumConfiguration@68267da0]" started-at="2018-09-18T03:09:47Z" name="teardown" finished-at="2018-09-18T03:09:48Z" duration-ms="1015" status="PASS">
          <reporter-output>
          </reporter-output>
        </test-method> <!-- teardown -->
      </class> <!-- AppiumConfiguration -->
    </test> <!-- Default test -->
  </suite> <!-- Default suite -->
</testng-results>
